clang: error: unable to execute command: Interrupt: 2
clang: error: clang frontend command failed due to signal (use -v to see invocation)
Apple clang version 12.0.0 (clang-1200.0.32.29)
Target: x86_64-apple-darwin19.6.0
Thread model: posix
InstalledDir: /Applications/Xcode.app/Contents/Developer/Toolchains/XcodeDefault.xctoolchain/usr/bin
clang: note: diagnostic msg: PLEASE submit a bug report to http://developer.apple.com/bugreporter/ and include the crash backtrace, preprocessed source, and associated run script.
clang: note: diagnostic msg: 
********************

PLEASE ATTACH THE FOLLOWING FILES TO THE BUG REPORT:
Preprocessed source(s) and associated run script(s) are located at:
clang: note: diagnostic msg: /var/folders/zz/zyxvpxvq6csfxvn_n000cgzc0033zv/T/exercise-704f50.cpp
clang: note: diagnostic msg: /var/folders/zz/zyxvpxvq6csfxvn_n000cgzc0033zv/T/main-d0d608.cpp
clang: note: diagnostic msg: /var/folders/zz/zyxvpxvq6csfxvn_n000cgzc0033zv/T/menu-c2ca23.cpp
clang: note: diagnostic msg: /var/folders/zz/zyxvpxvq6csfxvn_n000cgzc0033zv/T/exam-598c2d.cpp
clang: note: diagnostic msg: /var/folders/zz/zyxvpxvq6csfxvn_n000cgzc0033zv/T/utils-a4dd0a.cpp
clang: note: diagnostic msg: /var/folders/zz/zyxvpxvq6csfxvn_n000cgzc0033zv/T/grade_request-239170.cpp
clang: note: diagnostic msg: /var/folders/zz/zyxvpxvq6csfxvn_n000cgzc0033zv/T/data_persistence-5a768a.cpp
clang: note: diagnostic msg: /var/folders/zz/zyxvpxvq6csfxvn_n000cgzc0033zv/T/exercise-704f50.sh
clang: note: diagnostic msg: Crash backtrace is located in
clang: note: diagnostic msg: /Users/bbenidar/Library/Logs/DiagnosticReports/clang_<YYYY-MM-DD-HHMMSS>_<hostname>.crash
clang: note: diagnostic msg: (choose the .crash file that corresponds to your crash)
clang: note: diagnostic msg: 

********************
